{
  "_url": "https://github.com/PowerShell/PowerShell/issues/1005",
  "author": "andschwa",
  "body": "They're now disabled. Not sure why the runner started failing.\n",
  "closed_at": "2016-06-10T17:32:00Z",
  "comments": [
    {
      "author": "andschwa",
      "author_association": "MEMBER",
      "body": "The last merge from Source Depot, #1001, caused the following xUnit test failures:\n- [x] PSTests.FileSystemProviderTests.TestGetProperty\n- [x] PSTests.FileSystemProviderTests.TestSetProperty\n- [x] PSTests.FileSystemProviderTests.TestClearProperty\n- [x] PSTests.FileSystemProviderTests.TestGetContentReader\n- [x] PSTests.FileSystemProviderTests.TestGetContentWriter\n- [x] PSTests.FileSystemProviderTests.TestClearContent\n- [x] PSTests.RunspaceTests.TestRunspaceWithPipeline\n- [x] PSTests.RunspaceTests.TestRunspaceWithPowerShell\n\nThese are, of course, from our [xUnit tests](https://github.com/PowerShell/PowerShell/tree/master/test/csharp).\n\n/cc @JamesWTruher @vors \n",
      "created_at": "2016-05-20T22:32:24Z",
      "updated_at": "2016-06-10T07:18:15Z"
    },
    {
      "author": "andschwa",
      "author_association": "MEMBER",
      "body": "The xUnit test runner isn't being very friendly with respect to reporting failing tests. Filed dotnet/cli/issues/3173.\n",
      "created_at": "2016-05-20T23:15:16Z",
      "updated_at": "2016-05-20T23:15:16Z"
    },
    {
      "author": "andschwa",
      "author_association": "MEMBER",
      "body": "/cc @johnkord @paulcallen \n",
      "created_at": "2016-05-20T23:18:00Z",
      "updated_at": "2016-05-20T23:18:00Z"
    },
    {
      "author": "andschwa",
      "author_association": "MEMBER",
      "body": "@vors `Start-PSxUnit` should be usable now per #1065.\n",
      "created_at": "2016-06-01T19:18:59Z",
      "updated_at": "2016-06-01T19:18:59Z"
    },
    {
      "author": "vors",
      "author_association": "COLLABORATOR",
      "body": "Exception details\n\n```\nUnhandled Exception: System.TypeInitializationException: The type initializer for 'System.Management.Automation.Runspaces.RunspaceFactory' threw an exception. ---> System.DllNotFoundException: Unable to load DLL 'api-ms-win-eventing-provider-l1-1-0.dll': The specified module could not be found.\n (Exception from HRESULT: 0x8007007E)\n   at System.Management.Automation.Tracing.EtwActivity.UnsafeNativeMethods.EventActivityIdControl(ActivityControlCode controlCode, Guid& activityId)\n   at System.Management.Automation.Tracing.EtwActivity.GetActivityId()\n   at System.Management.Automation.Runspaces.RunspaceFactory..cctor()\n   --- End of inner exception stack trace ---\n   at System.Management.Automation.Runspaces.RunspaceFactory.CreateRunspace()\n```\n",
      "created_at": "2016-06-10T04:35:37Z",
      "updated_at": "2016-06-10T04:35:37Z"
    },
    {
      "author": "vors",
      "author_association": "COLLABORATOR",
      "body": "So essentially `NOETW` define is not used, when compiled SMA for xUnit tests and it tries to load win-only libs.\n",
      "created_at": "2016-06-10T05:08:17Z",
      "updated_at": "2016-06-10T05:08:17Z"
    },
    {
      "author": "vors",
      "author_association": "COLLABORATOR",
      "body": "Ups, sorry I run `dotnet run` without `--configuration Linux` and that's why it happened\nThe real exception is\n\n```\nUnhandled Exception: System.NullReferenceException: Object reference not set to an instance of an object.\n   at System.Management.Automation.ClrFacade.Load(AssemblyName assembly)\n   at System.Management.Automation.Runspaces.RunspaceConfigForSingleShell.LoadMshSnapinAssembly(PSSnapInInfo mshsnapinInfo)\n   at System.Management.Automation.Runspaces.RunspaceConfigForSingleShell.LoadPSSnapIn(PSSnapInInfo mshsnapinInfo)\n   at System.Management.Automation.Runspaces.RunspaceConfigForSingleShell.LoadPSSnapIns(Collection`1 mshsnapinInfos, PSConsoleLoadException& warning)\n   at System.Management.Automation.Runspaces.RunspaceConfigForSingleShell.LoadConsole(PSConsoleLoadException& warning)\n   at System.Management.Automation.Runspaces.RunspaceConfigForSingleShell.CreateDefaultConfiguration()\n   at System.Management.Automation.Runspaces.RunspaceConfiguration.Create()\n   at System.Management.Automation.Runspaces.RunspaceFactory.CreateRunspace(PSHost host)\n   at System.Management.Automation.Runspaces.RunspaceFactory.CreateRunspace()\n   at PSTests.RunspaceTests.DoTest()\n   at PSTests.RunspaceTests.Main(String[] args)\n\n```\n",
      "created_at": "2016-06-10T05:14:29Z",
      "updated_at": "2016-06-10T05:14:29Z"
    },
    {
      "author": "vors",
      "author_association": "COLLABORATOR",
      "body": "ok, another red-hearing\nI just didn't include\n\n```\nPowerShellAssemblyLoadContextInitializer.SetPowerShellAssemblyLoadContext\n```\n\nin my test app\n",
      "created_at": "2016-06-10T05:37:35Z",
      "updated_at": "2016-06-10T05:37:35Z"
    },
    {
      "author": "vors",
      "author_association": "COLLABORATOR",
      "body": "ok, so we are trying to load snap-in `Microsoft.PowerShell.Diagnostics` (which corresponds to dll `Microsoft.PowerShell.Commands.Diagnostics`).\n\nWe are failing badly (maybe same segfault as #1058 )\n\nIssue for porting this dll is #1042\n",
      "created_at": "2016-06-10T06:37:07Z",
      "updated_at": "2016-06-10T06:37:07Z"
    },
    {
      "author": "vors",
      "author_association": "COLLABORATOR",
      "body": "Started make changes in `vors/xunit` branch Basically @ealexjordan already found the problem: removed `#if !CORECLR` guards in default snapins list.\n",
      "created_at": "2016-06-10T07:17:15Z",
      "updated_at": "2016-06-10T07:17:38Z"
    },
    {
      "author": "vors",
      "author_association": "COLLABORATOR",
      "body": "One test (TestRunspaceWithPowerShellAndInitialSessionState) still fails https://travis-ci.com/PowerShell/PowerShell/jobs/42210737\n\nNo segfault fortunately\nDoesn't repro locally\n",
      "created_at": "2016-06-10T07:31:52Z",
      "updated_at": "2016-06-10T07:35:46Z"
    }
  ],
  "created_at": "2016-05-19T03:05:07Z",
  "labels": [
    "WG-Quality-Test"
  ],
  "number": 1005,
  "state": "closed",
  "title": "Fix xUnit tests",
  "updated_at": "2016-06-10T17:32:05Z"
}